Using pre-set license
Built from '2020.3/staging' branch; Version is '2020.3.11f1 (99c7afb366b3) revision 10078127'; Using compiler version '192528614'; Build Type 'Release'
OS: 'Windows 10 Pro; OS build 19042.1288; Version 2009; 64bit' Language: 'de' Physical Memory: 16312 MB
BatchMode: 1, IsHumanControllingUs: 0, StartBugReporterOnCrash: 0, Is64bit: 1, IsPro: 0

 COMMAND LINE ARGUMENTS:
C:\Program Files\Unity\Hub\Editor\2020.3.11f1\Editor\Unity.exe
-adb2
-batchMode
-noUpm
-name
AssetImportWorker0
-projectPath
E:/Dokumente/GitHub/Programming-Theory-Repo
-logFile
Logs/AssetImportWorker0.log
-srvPort
54178
Successfully changed project path to: E:/Dokumente/GitHub/Programming-Theory-Repo
E:/Dokumente/GitHub/Programming-Theory-Repo
Using Asset Import Pipeline V2.
Refreshing native plugins compatible for Editor in 30.38 ms, found 2 plugins.
Preloading 0 native plugins for Editor in 0.00 ms.
Initialize engine version: 2020.3.11f1 (99c7afb366b3)
[Subsystems] Discovering subsystems at path C:/Program Files/Unity/Hub/Editor/2020.3.11f1/Editor/Data/Resources/UnitySubsystems
[Subsystems] Discovering subsystems at path E:/Dokumente/GitHub/Programming-Theory-Repo/Assets
GfxDevice: creating device client; threaded=0
Direct3D:
    Version:  Direct3D 11.0 [level 11.1]
    Renderer: AMD Radeon Pro WX 3200 Series (ID=0x6981)
    Vendor:   
    VRAM:     4041 MB
    Driver:   27.20.11027.5002
Initialize mono
Mono path[0] = 'C:/Program Files/Unity/Hub/Editor/2020.3.11f1/Editor/Data/Managed'
Mono path[1] = 'C:/Program Files/Unity/Hub/Editor/2020.3.11f1/Editor/Data/MonoBleedingEdge/lib/mono/unityjit'
Mono config path = 'C:/Program Files/Unity/Hub/Editor/2020.3.11f1/Editor/Data/MonoBleedingEdge/etc'
Using monoOptions --debugger-agent=transport=dt_socket,embedding=1,server=y,suspend=n,address=127.0.0.1:56608
Begin MonoManager ReloadAssembly
Registering precompiled unity dll's ...
Register platform support module: C:/Program Files/Unity/Hub/Editor/2020.3.11f1/Editor/Data/PlaybackEngines/WebGLSupport/UnityEditor.WebGL.Extensions.dll
Register platform support module: C:/Program Files/Unity/Hub/Editor/2020.3.11f1/Editor/Data/PlaybackEngines/WindowsStandaloneSupport/UnityEditor.WindowsStandalone.Extensions.dll
Registered in 0.002649 seconds.
Native extension for WindowsStandalone target not found
Native extension for WebGL target not found
Refreshing native plugins compatible for Editor in 30.54 ms, found 2 plugins.
Preloading 0 native plugins for Editor in 0.00 ms.
Mono: successfully reloaded assembly
- Completed reload, in  1.249 seconds
Platform modules already initialized, skipping
Registering precompiled user dll's ...
Registered in 0.002772 seconds.
Begin MonoManager ReloadAssembly
Native extension for WindowsStandalone target not found
Native extension for WebGL target not found
Refreshing native plugins compatible for Editor in 0.36 ms, found 2 plugins.
Preloading 0 native plugins for Editor in 0.00 ms.
Mono: successfully reloaded assembly
- Completed reload, in  1.053 seconds
Platform modules already initialized, skipping
========================================================================
Worker process is ready to serve import requests
Launched and connected shader compiler UnityShaderCompiler.exe after 0.05 seconds
Refreshing native plugins compatible for Editor in 0.45 ms, found 2 plugins.
Preloading 0 native plugins for Editor in 0.00 ms.
Unloading 1412 Unused Serialized files (Serialized files now loaded: 0)
System memory in use before: 67.4 MB.
System memory in use after: 67.5 MB.

Unloading 19 unused Assets to reduce memory usage. Loaded Objects now: 1848.
Total: 2.000900 ms (FindLiveObjects: 0.152300 ms CreateObjectMapping: 0.052100 ms MarkObjects: 1.681400 ms  DeleteObjects: 0.114100 ms)

========================================================================
Received Import Request.
  path: Assets/Scripts/PlayerController.cs
  artifactKey: Guid(d2e94ea76e5589d49af7858f86ffb25c) Importer(815301076,1909f56bfc062723c751e8b465ee728b)
Start importing Assets/Scripts/PlayerController.cs using Guid(d2e94ea76e5589d49af7858f86ffb25c) Importer(815301076,1909f56bfc062723c751e8b465ee728b)  -> (artifact id: '0cbedba827644087df2c7137fc8870ce') in 0.029578 seconds
  Import took 0.032066 seconds .

========================================================================
Received Import Request.
  Time since last request: 37.876432 seconds.
  path: Assets/Scripts/PlayerController.cs
  artifactKey: Guid(d2e94ea76e5589d49af7858f86ffb25c) Importer(815301076,1909f56bfc062723c751e8b465ee728b)
Start importing Assets/Scripts/PlayerController.cs using Guid(d2e94ea76e5589d49af7858f86ffb25c) Importer(815301076,1909f56bfc062723c751e8b465ee728b)  -> (artifact id: '994951f3eb1a70111928376fa0f7c50c') in 0.007104 seconds
  Import took 0.010209 seconds .

========================================================================
Received Import Request.
  Time since last request: 68.449710 seconds.
  path: Assets/Scripts/PlayerController.cs
  artifactKey: Guid(d2e94ea76e5589d49af7858f86ffb25c) Importer(815301076,1909f56bfc062723c751e8b465ee728b)
Start importing Assets/Scripts/PlayerController.cs using Guid(d2e94ea76e5589d49af7858f86ffb25c) Importer(815301076,1909f56bfc062723c751e8b465ee728b)  -> (artifact id: 'db15b27469810cecd491c269e1af75a9') in 0.004661 seconds
  Import took 0.007709 seconds .

========================================================================
Received Prepare
Registering precompiled user dll's ...
Registered in 0.002857 seconds.
Begin MonoManager ReloadAssembly
Native extension for WindowsStandalone target not found
Native extension for WebGL target not found
Refreshing native plugins compatible for Editor in 0.68 ms, found 2 plugins.
Preloading 0 native plugins for Editor in 0.00 ms.
Mono: successfully reloaded assembly
- Completed reload, in  1.020 seconds
Platform modules already initialized, skipping
Refreshing native plugins compatible for Editor in 0.36 ms, found 2 plugins.
Preloading 0 native plugins for Editor in 0.00 ms.
Unloading 1394 Unused Serialized files (Serialized files now loaded: 0)
System memory in use before: 66.1 MB.
System memory in use after: 66.2 MB.

Unloading 14 unused Assets to reduce memory usage. Loaded Objects now: 1851.
Total: 2.261800 ms (FindLiveObjects: 0.144500 ms CreateObjectMapping: 0.049900 ms MarkObjects: 1.969400 ms  DeleteObjects: 0.097100 ms)

========================================================================
Received Import Request.
  Time since last request: 439.414287 seconds.
  path: Assets/Scripts/Flower1Property.cs
  artifactKey: Guid(ae438479fb7bf9049bcecbcd0eae777c) Importer(815301076,1909f56bfc062723c751e8b465ee728b)
Start importing Assets/Scripts/Flower1Property.cs using Guid(ae438479fb7bf9049bcecbcd0eae777c) Importer(815301076,1909f56bfc062723c751e8b465ee728b)  -> (artifact id: '5f60f67d1e36ace7d788e577d1b54922') in 0.013154 seconds
  Import took 0.016770 seconds .

========================================================================
Received Import Request.
  Time since last request: 9.490720 seconds.
  path: Assets/Scripts/GameManager.cs
  artifactKey: Guid(2c3abf9940116024eb417d27efb61a67) Importer(815301076,1909f56bfc062723c751e8b465ee728b)
Start importing Assets/Scripts/GameManager.cs using Guid(2c3abf9940116024eb417d27efb61a67) Importer(815301076,1909f56bfc062723c751e8b465ee728b)  -> (artifact id: 'e9b465fbf3164ab3c4e6cd4e832d71b8') in 0.002695 seconds
  Import took 0.005300 seconds .

========================================================================
Received Prepare
Registering precompiled user dll's ...
Registered in 0.005250 seconds.
Begin MonoManager ReloadAssembly
Native extension for WindowsStandalone target not found
Native extension for WebGL target not found
Refreshing native plugins compatible for Editor in 0.40 ms, found 2 plugins.
Preloading 0 native plugins for Editor in 0.00 ms.
Mono: successfully reloaded assembly
- Completed reload, in  1.008 seconds
Platform modules already initialized, skipping
Refreshing native plugins compatible for Editor in 0.43 ms, found 2 plugins.
Preloading 0 native plugins for Editor in 0.00 ms.
Unloading 1394 Unused Serialized files (Serialized files now loaded: 0)
System memory in use before: 66.2 MB.
System memory in use after: 66.2 MB.

Unloading 14 unused Assets to reduce memory usage. Loaded Objects now: 1854.
Total: 2.201300 ms (FindLiveObjects: 0.142300 ms CreateObjectMapping: 0.048600 ms MarkObjects: 1.921700 ms  DeleteObjects: 0.087700 ms)

========================================================================
Received Import Request.
  Time since last request: 531.650332 seconds.
  path: Assets/Scripts/PlayerController.cs
  artifactKey: Guid(d2e94ea76e5589d49af7858f86ffb25c) Importer(815301076,1909f56bfc062723c751e8b465ee728b)
Start importing Assets/Scripts/PlayerController.cs using Guid(d2e94ea76e5589d49af7858f86ffb25c) Importer(815301076,1909f56bfc062723c751e8b465ee728b)  -> (artifact id: '629bb7c69f8ed59d3f5e780a807d96be') in 0.004522 seconds
  Import took 0.006962 seconds .

========================================================================
Received Prepare
Registering precompiled user dll's ...
Registered in 0.003193 seconds.
Begin MonoManager ReloadAssembly
Native extension for WindowsStandalone target not found
Native extension for WebGL target not found
Refreshing native plugins compatible for Editor in 0.38 ms, found 2 plugins.
Preloading 0 native plugins for Editor in 0.00 ms.
Mono: successfully reloaded assembly
- Completed reload, in  0.980 seconds
Platform modules already initialized, skipping
Refreshing native plugins compatible for Editor in 0.50 ms, found 2 plugins.
Preloading 0 native plugins for Editor in 0.00 ms.
Unloading 1394 Unused Serialized files (Serialized files now loaded: 0)
System memory in use before: 66.2 MB.
System memory in use after: 66.2 MB.

Unloading 14 unused Assets to reduce memory usage. Loaded Objects now: 1857.
Total: 2.172200 ms (FindLiveObjects: 0.267400 ms CreateObjectMapping: 0.074100 ms MarkObjects: 1.737100 ms  DeleteObjects: 0.092500 ms)

========================================================================
Received Prepare
Registering precompiled user dll's ...
Registered in 0.002871 seconds.
Begin MonoManager ReloadAssembly
Native extension for WindowsStandalone target not found
Native extension for WebGL target not found
Refreshing native plugins compatible for Editor in 0.36 ms, found 2 plugins.
Preloading 0 native plugins for Editor in 0.00 ms.
Mono: successfully reloaded assembly
- Completed reload, in  0.997 seconds
Platform modules already initialized, skipping
Refreshing native plugins compatible for Editor in 0.37 ms, found 2 plugins.
Preloading 0 native plugins for Editor in 0.00 ms.
Unloading 1394 Unused Serialized files (Serialized files now loaded: 0)
System memory in use before: 66.2 MB.
System memory in use after: 66.3 MB.

Unloading 14 unused Assets to reduce memory usage. Loaded Objects now: 1860.
Total: 2.188100 ms (FindLiveObjects: 0.138000 ms CreateObjectMapping: 0.049700 ms MarkObjects: 1.906200 ms  DeleteObjects: 0.093300 ms)

========================================================================
Received Import Request.
  Time since last request: 392.413394 seconds.
  path: Assets/Scripts/GameController.cs
  artifactKey: Guid(06ee8176db48da54897d689ff4cd188f) Importer(815301076,1909f56bfc062723c751e8b465ee728b)
Start importing Assets/Scripts/GameController.cs using Guid(06ee8176db48da54897d689ff4cd188f) Importer(815301076,1909f56bfc062723c751e8b465ee728b)  -> (artifact id: '20ffea5ac249b665239b7b1dc13deebb') in 0.014161 seconds
  Import took 0.016932 seconds .

========================================================================
Received Import Request.
  Time since last request: 0.033855 seconds.
  path: Assets/Scripts/GameManager.cs
  artifactKey: Guid(2c3abf9940116024eb417d27efb61a67) Importer(815301076,1909f56bfc062723c751e8b465ee728b)
Start importing Assets/Scripts/GameManager.cs using Guid(2c3abf9940116024eb417d27efb61a67) Importer(815301076,1909f56bfc062723c751e8b465ee728b)  -> (artifact id: 'b9c48891c49b7b6e8bd6ea23c992a995') in 0.005351 seconds
  Import took 0.008607 seconds .

========================================================================
Received Prepare
Registering precompiled user dll's ...
Registered in 0.004611 seconds.
Begin MonoManager ReloadAssembly
Native extension for WindowsStandalone target not found
Native extension for WebGL target not found
Refreshing native plugins compatible for Editor in 0.37 ms, found 2 plugins.
Preloading 0 native plugins for Editor in 0.00 ms.
Mono: successfully reloaded assembly
- Completed reload, in  1.030 seconds
Platform modules already initialized, skipping
Refreshing native plugins compatible for Editor in 0.40 ms, found 2 plugins.
Preloading 0 native plugins for Editor in 0.00 ms.
Unloading 1395 Unused Serialized files (Serialized files now loaded: 0)
System memory in use before: 66.2 MB.
System memory in use after: 66.3 MB.

Unloading 14 unused Assets to reduce memory usage. Loaded Objects now: 1864.
Total: 1.939800 ms (FindLiveObjects: 0.147100 ms CreateObjectMapping: 0.049400 ms MarkObjects: 1.676900 ms  DeleteObjects: 0.065200 ms)

========================================================================
Received Prepare
Registering precompiled user dll's ...
Registered in 0.004488 seconds.
Begin MonoManager ReloadAssembly
Native extension for WindowsStandalone target not found
Native extension for WebGL target not found
Refreshing native plugins compatible for Editor in 0.37 ms, found 2 plugins.
Preloading 0 native plugins for Editor in 0.00 ms.
Mono: successfully reloaded assembly
- Completed reload, in  0.982 seconds
Platform modules already initialized, skipping
Refreshing native plugins compatible for Editor in 0.35 ms, found 2 plugins.
Preloading 0 native plugins for Editor in 0.00 ms.
Unloading 1395 Unused Serialized files (Serialized files now loaded: 0)
System memory in use before: 66.2 MB.
System memory in use after: 66.3 MB.

Unloading 14 unused Assets to reduce memory usage. Loaded Objects now: 1867.
Total: 2.179300 ms (FindLiveObjects: 0.146700 ms CreateObjectMapping: 0.049500 ms MarkObjects: 1.893700 ms  DeleteObjects: 0.088200 ms)

========================================================================
Received Prepare
Registering precompiled user dll's ...
Registered in 0.002766 seconds.
Begin MonoManager ReloadAssembly
Native extension for WindowsStandalone target not found
Native extension for WebGL target not found
Refreshing native plugins compatible for Editor in 0.41 ms, found 2 plugins.
Preloading 0 native plugins for Editor in 0.00 ms.
Mono: successfully reloaded assembly
- Completed reload, in  0.991 seconds
Platform modules already initialized, skipping
Refreshing native plugins compatible for Editor in 0.36 ms, found 2 plugins.
Preloading 0 native plugins for Editor in 0.00 ms.
Unloading 1395 Unused Serialized files (Serialized files now loaded: 0)
System memory in use before: 66.2 MB.
System memory in use after: 66.3 MB.

Unloading 14 unused Assets to reduce memory usage. Loaded Objects now: 1870.
Total: 2.168500 ms (FindLiveObjects: 0.163600 ms CreateObjectMapping: 0.047500 ms MarkObjects: 1.858700 ms  DeleteObjects: 0.097600 ms)

========================================================================
Received Import Request.
  Time since last request: 454.618504 seconds.
  path: Assets/Scripts/FlowerProperties.cs
  artifactKey: Guid(8211e4550701c054881801041ec5d454) Importer(815301076,1909f56bfc062723c751e8b465ee728b)
Start importing Assets/Scripts/FlowerProperties.cs using Guid(8211e4550701c054881801041ec5d454) Importer(815301076,1909f56bfc062723c751e8b465ee728b)  -> (artifact id: '5fb911f10464782da06a9f8adff4dffd') in 0.010448 seconds
  Import took 0.013101 seconds .

========================================================================
Received Import Request.
  Time since last request: 0.028408 seconds.
  path: Assets/Scripts/FlowerProperties.cs
  artifactKey: Guid(8211e4550701c054881801041ec5d454) Importer(815301076,1909f56bfc062723c751e8b465ee728b)
Start importing Assets/Scripts/FlowerProperties.cs using Guid(8211e4550701c054881801041ec5d454) Importer(815301076,1909f56bfc062723c751e8b465ee728b)  -> (artifact id: '5fb911f10464782da06a9f8adff4dffd') in 0.002340 seconds
  Import took 0.005198 seconds .

========================================================================
Received Prepare
Registering precompiled user dll's ...
Registered in 0.003506 seconds.
Begin MonoManager ReloadAssembly
Native extension for WindowsStandalone target not found
Native extension for WebGL target not found
Refreshing native plugins compatible for Editor in 0.37 ms, found 2 plugins.
Preloading 0 native plugins for Editor in 0.00 ms.
Mono: successfully reloaded assembly
- Completed reload, in  1.003 seconds
Platform modules already initialized, skipping
Refreshing native plugins compatible for Editor in 0.36 ms, found 2 plugins.
Preloading 0 native plugins for Editor in 0.00 ms.
Unloading 1395 Unused Serialized files (Serialized files now loaded: 0)
System memory in use before: 66.2 MB.
System memory in use after: 66.3 MB.

Unloading 14 unused Assets to reduce memory usage. Loaded Objects now: 1873.
Total: 2.165000 ms (FindLiveObjects: 0.170600 ms CreateObjectMapping: 0.047900 ms MarkObjects: 1.852000 ms  DeleteObjects: 0.093300 ms)

========================================================================
Received Import Request.
  Time since last request: 248.365391 seconds.
  path: Assets/Scripts/FlowerProperties.cs
  artifactKey: Guid(8211e4550701c054881801041ec5d454) Importer(815301076,1909f56bfc062723c751e8b465ee728b)
Start importing Assets/Scripts/FlowerProperties.cs using Guid(8211e4550701c054881801041ec5d454) Importer(815301076,1909f56bfc062723c751e8b465ee728b)  -> (artifact id: 'e0a993a208e47b736df9b91cc9c72829') in 0.004614 seconds
  Import took 0.007127 seconds .

========================================================================
Received Prepare
Registering precompiled user dll's ...
Registered in 0.003380 seconds.
Begin MonoManager ReloadAssembly
Native extension for WindowsStandalone target not found
Native extension for WebGL target not found
Refreshing native plugins compatible for Editor in 0.36 ms, found 2 plugins.
Preloading 0 native plugins for Editor in 0.00 ms.
Mono: successfully reloaded assembly
- Completed reload, in  0.980 seconds
Platform modules already initialized, skipping
Refreshing native plugins compatible for Editor in 0.36 ms, found 2 plugins.
Preloading 0 native plugins for Editor in 0.00 ms.
Unloading 1395 Unused Serialized files (Serialized files now loaded: 0)
System memory in use before: 66.2 MB.
System memory in use after: 66.3 MB.

Unloading 14 unused Assets to reduce memory usage. Loaded Objects now: 1876.
Total: 2.103400 ms (FindLiveObjects: 0.139900 ms CreateObjectMapping: 0.048900 ms MarkObjects: 1.821400 ms  DeleteObjects: 0.092200 ms)

========================================================================
Received Import Request.
  Time since last request: 459.175027 seconds.
  path: Assets/Scripts/BasketBehavior.cs
  artifactKey: Guid(cfb1772fa5814f14184936b99c785337) Importer(815301076,1909f56bfc062723c751e8b465ee728b)
Start importing Assets/Scripts/BasketBehavior.cs using Guid(cfb1772fa5814f14184936b99c785337) Importer(815301076,1909f56bfc062723c751e8b465ee728b)  -> (artifact id: '618cb37494515b2291fa5cf0f31bf210') in 0.011850 seconds
  Import took 0.014667 seconds .

========================================================================
Received Import Request.
  Time since last request: 0.002387 seconds.
  path: Assets/Scripts/BasketBehavior.cs
  artifactKey: Guid(cfb1772fa5814f14184936b99c785337) Importer(815301076,1909f56bfc062723c751e8b465ee728b)
Start importing Assets/Scripts/BasketBehavior.cs using Guid(cfb1772fa5814f14184936b99c785337) Importer(815301076,1909f56bfc062723c751e8b465ee728b)  -> (artifact id: '618cb37494515b2291fa5cf0f31bf210') in 0.002466 seconds
  Import took 0.005437 seconds .

========================================================================
Received Import Request.
  Time since last request: 45.113949 seconds.
  path: Assets/Scripts/Basket1Behavior.cs
  artifactKey: Guid(913c6ce89fd91fc48b5df70ce25bf2bb) Importer(815301076,1909f56bfc062723c751e8b465ee728b)
Start importing Assets/Scripts/Basket1Behavior.cs using Guid(913c6ce89fd91fc48b5df70ce25bf2bb) Importer(815301076,1909f56bfc062723c751e8b465ee728b)  -> (artifact id: '6cdf3595a379da281a79d4de16cc71ad') in 0.009944 seconds
  Import took 0.012824 seconds .

========================================================================
Received Prepare
Registering precompiled user dll's ...
Registered in 0.002801 seconds.
Begin MonoManager ReloadAssembly
Native extension for WindowsStandalone target not found
Native extension for WebGL target not found
Refreshing native plugins compatible for Editor in 0.38 ms, found 2 plugins.
Preloading 0 native plugins for Editor in 0.00 ms.
Mono: successfully reloaded assembly
- Completed reload, in  0.987 seconds
Platform modules already initialized, skipping
Refreshing native plugins compatible for Editor in 0.36 ms, found 2 plugins.
Preloading 0 native plugins for Editor in 0.00 ms.
Unloading 1395 Unused Serialized files (Serialized files now loaded: 0)
System memory in use before: 66.2 MB.
System memory in use after: 66.3 MB.

Unloading 14 unused Assets to reduce memory usage. Loaded Objects now: 1879.
Total: 2.164400 ms (FindLiveObjects: 0.143200 ms CreateObjectMapping: 0.048200 ms MarkObjects: 1.881600 ms  DeleteObjects: 0.090300 ms)

========================================================================
Received Import Request.
  Time since last request: 458.336656 seconds.
  path: Assets/Scripts/Basket1Behavior.cs
  artifactKey: Guid(913c6ce89fd91fc48b5df70ce25bf2bb) Importer(815301076,1909f56bfc062723c751e8b465ee728b)
Start importing Assets/Scripts/Basket1Behavior.cs using Guid(913c6ce89fd91fc48b5df70ce25bf2bb) Importer(815301076,1909f56bfc062723c751e8b465ee728b)  -> (artifact id: 'b5dc0fdf271b908eee335373a4bc3f24') in 0.004608 seconds
  Import took 0.006962 seconds .

========================================================================
Received Import Request.
  Time since last request: 0.454512 seconds.
  path: Assets/Scripts/Basket2Behavior.cs
  artifactKey: Guid(f977e3c1c93363c40bc6e1e930a0f1ae) Importer(815301076,1909f56bfc062723c751e8b465ee728b)
Start importing Assets/Scripts/Basket2Behavior.cs using Guid(f977e3c1c93363c40bc6e1e930a0f1ae) Importer(815301076,1909f56bfc062723c751e8b465ee728b)  -> (artifact id: '922114e4aed69af081df28a05634d5b4') in 0.009382 seconds
  Import took 0.012702 seconds .

========================================================================
Received Prepare
Registering precompiled user dll's ...
Registered in 0.006208 seconds.
Begin MonoManager ReloadAssembly
Native extension for WindowsStandalone target not found
Native extension for WebGL target not found
Refreshing native plugins compatible for Editor in 0.42 ms, found 2 plugins.
Preloading 0 native plugins for Editor in 0.00 ms.
Mono: successfully reloaded assembly
- Completed reload, in  0.994 seconds
Platform modules already initialized, skipping
Refreshing native plugins compatible for Editor in 0.36 ms, found 2 plugins.
Preloading 0 native plugins for Editor in 0.00 ms.
Unloading 1395 Unused Serialized files (Serialized files now loaded: 0)
System memory in use before: 66.2 MB.
System memory in use after: 66.3 MB.

Unloading 14 unused Assets to reduce memory usage. Loaded Objects now: 1882.
Total: 2.120600 ms (FindLiveObjects: 0.146500 ms CreateObjectMapping: 0.048700 ms MarkObjects: 1.833400 ms  DeleteObjects: 0.091100 ms)

========================================================================
Received Import Request.
  Time since last request: 27.835702 seconds.
  path: Assets/Scripts/Basket2Behavior.cs
  artifactKey: Guid(f977e3c1c93363c40bc6e1e930a0f1ae) Importer(815301076,1909f56bfc062723c751e8b465ee728b)
Start importing Assets/Scripts/Basket2Behavior.cs using Guid(f977e3c1c93363c40bc6e1e930a0f1ae) Importer(815301076,1909f56bfc062723c751e8b465ee728b)  -> (artifact id: 'e05fe4187db95a02f2b73e83e5cada6d') in 0.004746 seconds
  Import took 0.007031 seconds .

========================================================================
Received Import Request.
  Time since last request: 0.509538 seconds.
  path: Assets/Scripts/Basket3Behavior.cs
  artifactKey: Guid(ccd4e4fcc436d7246b9a8197b05b96c3) Importer(815301076,1909f56bfc062723c751e8b465ee728b)
Start importing Assets/Scripts/Basket3Behavior.cs using Guid(ccd4e4fcc436d7246b9a8197b05b96c3) Importer(815301076,1909f56bfc062723c751e8b465ee728b)  -> (artifact id: 'a2ebcd51e297e90b374653a4f9f956a3') in 0.009097 seconds
  Import took 0.012091 seconds .

========================================================================
Received Prepare
Registering precompiled user dll's ...
Registered in 0.005095 seconds.
Begin MonoManager ReloadAssembly
Native extension for WindowsStandalone target not found
Native extension for WebGL target not found
Refreshing native plugins compatible for Editor in 0.37 ms, found 2 plugins.
Preloading 0 native plugins for Editor in 0.00 ms.
Mono: successfully reloaded assembly
- Completed reload, in  0.985 seconds
Platform modules already initialized, skipping
Refreshing native plugins compatible for Editor in 0.36 ms, found 2 plugins.
Preloading 0 native plugins for Editor in 0.00 ms.
Unloading 1395 Unused Serialized files (Serialized files now loaded: 0)
System memory in use before: 66.3 MB.
System memory in use after: 66.3 MB.

Unloading 14 unused Assets to reduce memory usage. Loaded Objects now: 1885.
Total: 1.934400 ms (FindLiveObjects: 0.138600 ms CreateObjectMapping: 0.047600 ms MarkObjects: 1.655200 ms  DeleteObjects: 0.091900 ms)

========================================================================
Received Import Request.
  Time since last request: 280.582736 seconds.
  path: Assets/Scripts/Basket3Behavior.cs
  artifactKey: Guid(ccd4e4fcc436d7246b9a8197b05b96c3) Importer(815301076,1909f56bfc062723c751e8b465ee728b)
Start importing Assets/Scripts/Basket3Behavior.cs using Guid(ccd4e4fcc436d7246b9a8197b05b96c3) Importer(815301076,1909f56bfc062723c751e8b465ee728b)  -> (artifact id: '10d7cbfc7e1c70c1acf1136010cf4066') in 0.004391 seconds
  Import took 0.006787 seconds .

========================================================================
Received Prepare
Registering precompiled user dll's ...
Registered in 0.003257 seconds.
Begin MonoManager ReloadAssembly
Native extension for WindowsStandalone target not found
Native extension for WebGL target not found
Refreshing native plugins compatible for Editor in 0.36 ms, found 2 plugins.
Preloading 0 native plugins for Editor in 0.00 ms.
Mono: successfully reloaded assembly
- Completed reload, in  0.994 seconds
Platform modules already initialized, skipping
Refreshing native plugins compatible for Editor in 0.38 ms, found 2 plugins.
Preloading 0 native plugins for Editor in 0.00 ms.
Unloading 1395 Unused Serialized files (Serialized files now loaded: 0)
System memory in use before: 66.3 MB.
System memory in use after: 66.3 MB.

Unloading 14 unused Assets to reduce memory usage. Loaded Objects now: 1888.
Total: 2.412500 ms (FindLiveObjects: 0.140400 ms CreateObjectMapping: 0.048500 ms MarkObjects: 2.127900 ms  DeleteObjects: 0.094500 ms)

========================================================================
Received Prepare
Registering precompiled user dll's ...
Registered in 0.002796 seconds.
Begin MonoManager ReloadAssembly
Native extension for WindowsStandalone target not found
Native extension for WebGL target not found
Refreshing native plugins compatible for Editor in 0.40 ms, found 2 plugins.
Preloading 0 native plugins for Editor in 0.00 ms.
Mono: successfully reloaded assembly
- Completed reload, in  1.029 seconds
Platform modules already initialized, skipping
Refreshing native plugins compatible for Editor in 0.39 ms, found 2 plugins.
Preloading 0 native plugins for Editor in 0.00 ms.
Unloading 1395 Unused Serialized files (Serialized files now loaded: 0)
System memory in use before: 66.3 MB.
System memory in use after: 66.3 MB.

Unloading 14 unused Assets to reduce memory usage. Loaded Objects now: 1891.
Total: 2.305000 ms (FindLiveObjects: 0.137500 ms CreateObjectMapping: 0.048800 ms MarkObjects: 2.022700 ms  DeleteObjects: 0.094800 ms)

========================================================================
Received Prepare
Registering precompiled user dll's ...
Registered in 0.004313 seconds.
Begin MonoManager ReloadAssembly
Native extension for WindowsStandalone target not found
Native extension for WebGL target not found
Refreshing native plugins compatible for Editor in 0.42 ms, found 2 plugins.
Preloading 0 native plugins for Editor in 0.00 ms.
Mono: successfully reloaded assembly
- Completed reload, in  0.993 seconds
Platform modules already initialized, skipping
Refreshing native plugins compatible for Editor in 0.36 ms, found 2 plugins.
Preloading 0 native plugins for Editor in 0.00 ms.
Unloading 1395 Unused Serialized files (Serialized files now loaded: 0)
System memory in use before: 66.3 MB.
System memory in use after: 66.3 MB.

Unloading 14 unused Assets to reduce memory usage. Loaded Objects now: 1894.
Total: 2.100000 ms (FindLiveObjects: 0.227200 ms CreateObjectMapping: 0.058000 ms MarkObjects: 1.723900 ms  DeleteObjects: 0.090000 ms)

========================================================================
Received Prepare
Registering precompiled user dll's ...
Registered in 0.003143 seconds.
Begin MonoManager ReloadAssembly
Native extension for WindowsStandalone target not found
Native extension for WebGL target not found
Refreshing native plugins compatible for Editor in 0.36 ms, found 2 plugins.
Preloading 0 native plugins for Editor in 0.00 ms.
Mono: successfully reloaded assembly
- Completed reload, in  0.982 seconds
Platform modules already initialized, skipping
Refreshing native plugins compatible for Editor in 0.36 ms, found 2 plugins.
Preloading 0 native plugins for Editor in 0.00 ms.
Unloading 1395 Unused Serialized files (Serialized files now loaded: 0)
System memory in use before: 66.3 MB.
System memory in use after: 66.4 MB.

Unloading 14 unused Assets to reduce memory usage. Loaded Objects now: 1897.
Total: 2.161900 ms (FindLiveObjects: 0.165900 ms CreateObjectMapping: 0.047400 ms MarkObjects: 1.853200 ms  DeleteObjects: 0.094500 ms)

========================================================================
Received Prepare
Registering precompiled user dll's ...
Registered in 0.002842 seconds.
Begin MonoManager ReloadAssembly
Native extension for WindowsStandalone target not found
Native extension for WebGL target not found
Refreshing native plugins compatible for Editor in 0.37 ms, found 2 plugins.
Preloading 0 native plugins for Editor in 0.00 ms.
Mono: successfully reloaded assembly
- Completed reload, in  0.970 seconds
Platform modules already initialized, skipping
Refreshing native plugins compatible for Editor in 0.36 ms, found 2 plugins.
Preloading 0 native plugins for Editor in 0.00 ms.
Unloading 1395 Unused Serialized files (Serialized files now loaded: 0)
System memory in use before: 66.3 MB.
System memory in use after: 66.4 MB.

Unloading 14 unused Assets to reduce memory usage. Loaded Objects now: 1900.
Total: 2.258000 ms (FindLiveObjects: 0.139300 ms CreateObjectMapping: 0.047900 ms MarkObjects: 1.975900 ms  DeleteObjects: 0.094100 ms)

========================================================================
Received Prepare
Registering precompiled user dll's ...
Registered in 0.003901 seconds.
Begin MonoManager ReloadAssembly
Native extension for WindowsStandalone target not found
Native extension for WebGL target not found
Refreshing native plugins compatible for Editor in 0.38 ms, found 2 plugins.
Preloading 0 native plugins for Editor in 0.00 ms.
Mono: successfully reloaded assembly
- Completed reload, in  1.004 seconds
Platform modules already initialized, skipping
Refreshing native plugins compatible for Editor in 0.40 ms, found 2 plugins.
Preloading 0 native plugins for Editor in 0.00 ms.
Unloading 1395 Unused Serialized files (Serialized files now loaded: 0)
System memory in use before: 66.3 MB.
System memory in use after: 66.4 MB.

Unloading 14 unused Assets to reduce memory usage. Loaded Objects now: 1903.
Total: 2.202600 ms (FindLiveObjects: 0.140800 ms CreateObjectMapping: 0.048200 ms MarkObjects: 1.920300 ms  DeleteObjects: 0.092500 ms)

========================================================================
Received Prepare
Registering precompiled user dll's ...
Registered in 0.002794 seconds.
Begin MonoManager ReloadAssembly
Native extension for WindowsStandalone target not found
Native extension for WebGL target not found
Refreshing native plugins compatible for Editor in 0.37 ms, found 2 plugins.
Preloading 0 native plugins for Editor in 0.00 ms.
Mono: successfully reloaded assembly
- Completed reload, in  0.993 seconds
Platform modules already initialized, skipping
Refreshing native plugins compatible for Editor in 0.36 ms, found 2 plugins.
Preloading 0 native plugins for Editor in 0.00 ms.
Unloading 1395 Unused Serialized files (Serialized files now loaded: 0)
System memory in use before: 66.3 MB.
System memory in use after: 66.4 MB.

Unloading 14 unused Assets to reduce memory usage. Loaded Objects now: 1906.
Total: 2.326400 ms (FindLiveObjects: 0.146500 ms CreateObjectMapping: 0.048500 ms MarkObjects: 2.064500 ms  DeleteObjects: 0.065600 ms)

AssetImportWorkerClient::OnTransportError - code=2 error=End of file
